<!DOCTYPE HTML><html><head><title>Behave Test Report</title><meta content="text/html;charset=utf-8" http-equiv="content-type" /><style type="text/css"><!--
@charset "utf-8"; .passed{}.failed{}.error{}.skipped{}.undefined{}.summary{}.failed_scenarios{}.footer{}body{font-size:0;color:white;margin:0;padding:0}.behave,td,th{font:normal 11px "Lucida Grande",Helvetica,sans-serif;background:white;color:black}.behave #behave-header,td #behave-header,th #behave-header{background:#65c400;color:white;height:8em}.behave #behave-header #expand-collapse p,td #behave-header #expand-collapse p,th #behave-header #expand-collapse p{float:right;margin:0 0 0 10px}.behave .scenario h3,td .scenario h3,th .scenario h3,.background h3{font-size:11px;padding:3px;margin:0;background:#65c400;color:white;font-weight:bold}.background h3{font-size:1.2em;background:#666}.behave h1,td h1,th h1{margin:0 10px 0 10px;padding:10px;font-family:"Lucida Grande",Helvetica,sans-serif;font-size:2em;position:absolute}.behave h4,td h4,th h4{margin-bottom:2px}.behave div.feature,td div.feature,th div.feature{padding:2px;margin:0 10px 5px 10px}.behave div.examples,td div.examples,th div.examples{padding:0 0 0 1em}.behave .stats,td .stats,th .stats{margin:2em}.behave .summary ul.features li,td .summary ul.features li,th .summary ul.features li{display:inline}.behave .step_name,td .step_name,th .step_name{float:left}.behave .step_file,td .step_file,th .step_file{text-align:right;color:#999}.behave .step_file a,td .step_file a,th .step_file a{color:#999}.behave .scenario_file,td .scenario_file,th .scenario_file{float:right;color:#999}.behave .step_duration{padding-left:1em}.behave .tag,td .tag,th .tag{font-weight:bold;color:#246ac1}.behave .backtrace,td .backtrace,th .backtrace{margin-top:0;margin-bottom:0;margin-left:1em;color:black}.behave a,td a,th a{color:#be5c00;margin-right:.5em}.behave a:hover,td a:hover,th a:hover{text-decoration:none}.behave a:visited,td a:visited,th a:visited{font-weight:normal}.behave a div.examples,td a div.examples,th a div.examples{margin:5px 0 5px 15px;color:black}.behave .outline table,td .outline table,th .outline table{margin:0 0 5px 10px}.behave table,td table,th table{border-collapse:collapse}.behave table td,td table td,th table td{padding:3px 3px 3px 5px}.behave table td.failed,.behave table td.passed,.behave table td.skipped,.behave table td.pending,.behave table td.undefined,td table td.failed,td table td.passed,td table td.skipped,td table td.pending{padding-left:18px;padding-right:10px}.behave table td.failed,td table td.failed,th table td.failed{border-left:5px solid #c20000;border-bottom:1px solid #c20000;background:#fffbd3;color:#c20000}.behave table td.passed,td table td.passed,th table td.passed{border-left:5px solid #65c400;border-bottom:1px solid #65c400;background:#dbffb4;color:#3d7700}.behave table td.skipped,td table td.skipped,th table td.skipped{border-left:5px solid aqua;border-bottom:1px solid aqua;background:#e0ffff;color:#011}.behave table td.pending,td table td.pending,th table td.pending{border-left:5px solid #faf834;border-bottom:1px solid #faf834;background:#fcfb98;color:#131313}.behave table td.undefined,td table td.undefined,th table td.undefined{border-left:5px solid #faf834;border-bottom:1px solid #faf834;background:#fcfb98;color:#131313}.behave table td.message,td table td.message,th table td.message{border-left:5px solid aqua;border-bottom:1px solid aqua;background:#e0ffff;color:#011}.behave ol,td ol,th ol{list-style:none;margin:0;padding:0}.behave ol li.step,td ol li.step,th ol li.step{padding:3px 3px 3px 18px;margin:5px 0 5px 5px}.behave ol li,td ol li,th ol li{margin:0 0 0 1em;padding:0 0 0 .2em}.behave ol li span.param,td ol li span.param,th ol li span.param{font-weight:bold}.behave ol li.failed,td ol li.failed,th ol li.failed{border-left:5px solid #c20000;border-bottom:1px solid #c20000;background:#fffbd3;color:#c20000}.behave ol li.passed,td ol li.passed,th ol li.passed{border-left:5px solid #65c400;border-bottom:1px solid #65c400;background:#dbffb4;color:#3d7700}.behave ol li.skipped,td ol li.skipped,th ol li.skipped{border-left:5px solid aqua;border-bottom:1px solid aqua;background:#e0ffff;color:#011}.behave ol li.pending,td ol li.pending,th ol li.pending{border-left:5px solid #faf834;border-bottom:1px solid #faf834;background:#fcfb98;color:#131313}.behave ol li.undefined,td ol li.undefined,th ol li.undefined{border-left:5px solid #faf834;border-bottom:1px solid #faf834;background:#fcfb98;color:#131313}.behave ol li.message,td ol li.message,th ol li.message{border-left:5px solid aqua;border-bottom:1px solid aqua;background:#e0ffff;color:#011;margin-left:10px}.behave #summary,td #summary,th #summary{margin:0;padding:5px 10px;text-align:right;top:0;right:0;float:right}.behave #summary p,td #summary p,th #summary p{margin:0 0 0 2px}.behave #summary #totals,td #summary #totals,th #summary #totals{font-size:1.2em}.behave .scenario h3.failed,td .scenario h3.failed,th .scenario h3.failed,.background h3.failed{background:#c20000}.behave #behave-header.failed,td #behave-header.failed,th #behave-header.failed{background:#c20000}.behave .scenario h3.undefined,td .scenario h3.undefined,th .scenario h3.undefined,.background h3.undefined{background:#faf834;color:black}.behave #behave-header.undefined,td #behave-header.undefined,th #behave-header.undefined{background:#faf834;color:black}#behave-header.failed a{color:white}pre{white-space:pre-wrap}
--></style><script type="text/javascript"><!--
function Collapsible_toggle(id){var elem=document.getElementById(id);elem.style.display=(elem.style.display=='none'?'block':'none');return false;};function Collapsible_expandAll(className){var elems=document.getElementsByClassName(className);for(var i=0;i<elems.length;i++){elems[i].style.display='block';}};function Collapsible_collapseAll(className){var elems=document.getElementsByClassName(className);for(var i=0;i<elems.length;i++){elems[i].style.display='none';}};function Collapsible_expandAllFailed(){var elems=document.getElementsByClassName('failed');for(var i=0;i<elems.length;i++){var elem=elems[i];if(elem.nodeName=='H3'){elem.parentElement.getElementsByTagName('ol')[0].style.display='block';}}}
--></script></head><body><div class="behave"><div id="behave-header" class="failed"><div id="label"><h1>Behave Test Report</h1></div><div id="summary"><p id="totals"><p id="feature_totals">Features: failed: 4, passed: 1</p><p id="scenario_totals">Scenarios: passed: 3, failed: 7</p><p id="step_totals">Steps: passed: 45, failed: 7, skipped: 32</p></p><p id="duration">Finished in 92.7 seconds</p><div id="expand-collapse"><a id="expander" href="#" onclick="Collapsible_expandAll('scenario_steps')">Expand All</a><span> | </span><a id="collapser" href="#" onclick="Collapsible_collapseAll('scenario_steps')">Collapse All</a><span> | </span><a id="failed_expander" href="#" onclick="Collapsible_expandAllFailed()">Expand All Failed</a></div></div></div><div class="feature"><h2><span class="val">Feature: Accessibility button functionality on the website https://edu.ro/.</span></h2><span /></div><div class="scenario"><span class="scenario_file">features/accessibility_button.feature:3</span><h3 onclick="Collapsible_toggle('scenario_0')"><span class="val">Scenario: Check that the user can increase or decrease the text size</span></h3><ol class="scenario_steps" id="scenario_0"><li class="step passed"><div class="step_name"><span class="keyword">Given </span><span class="step val">I am on the home page</span><small class="step_duration">(1.285s)</small></div><div class="step_file"><span>features/steps/accessibility_button_steps.py:4</span></div><span class="embed" /></li><li class="step passed"><div class="step_name"><span class="keyword">When </span><span class="step val">I click on the 'Accessibility' button</span><small class="step_duration">(2.067s)</small></div><div class="step_file"><span>features/steps/accessibility_button_steps.py:8</span></div><span class="embed" /></li><li class="step passed"><div class="step_name"><span class="keyword">And </span><span class="step val">I click on the '+' button 16 times</span><small class="step_duration">(2.641s)</small></div><div class="step_file"><span>features/steps/accessibility_button_steps.py:12</span></div><span class="embed" /></li><li class="step passed"><div class="step_name"><span class="keyword">Then </span><span class="step val">It should be visible that the text in the page increases its size</span><small class="step_duration">(0.022s)</small></div><div class="step_file"><span>features/steps/accessibility_button_steps.py:16</span></div><span class="embed" /></li><li class="step passed"><div class="step_name"><span class="keyword">When </span><span class="step val">I click on the '=' button</span><small class="step_duration">(0.048s)</small></div><div class="step_file"><span>features/steps/accessibility_button_steps.py:20</span></div><span class="embed" /></li><li class="step passed"><div class="step_name"><span class="keyword">Then </span><span class="step val">It should be visible that the text from the page returns to its original state</span><small class="step_duration">(0.021s)</small></div><div class="step_file"><span>features/steps/accessibility_button_steps.py:23</span></div><span class="embed" /></li><li class="step passed"><div class="step_name"><span class="keyword">When </span><span class="step val">I click on the '-' button 8 times</span><small class="step_duration">(4.397s)</small></div><div class="step_file"><span>features/steps/accessibility_button_steps.py:26</span></div><span class="embed" /></li><li class="step passed"><div class="step_name"><span class="keyword">Then </span><span class="step val">It should be visible that the text in the page decreases its size</span><small class="step_duration">(0.021s)</small></div><div class="step_file"><span>features/steps/accessibility_button_steps.py:30</span></div><span class="embed" /></li></ol><span /></div><div class="scenario"><span class="scenario_file">features/accessibility_button.feature:13</span><h3 onclick="Collapsible_toggle('scenario_1')" class="failed"><span class="val">Scenario: Check that the user can change the contrast of the text</span></h3><ol class="scenario_steps" id="scenario_1"><li class="step passed"><div class="step_name"><span class="keyword">Given </span><span class="step val">I am on the home page</span><small class="step_duration">(1.100s)</small></div><div class="step_file"><span>features/steps/accessibility_button_steps.py:4</span></div><span class="embed" /></li><li class="step passed"><div class="step_name"><span class="keyword">When </span><span class="step val">I click on the 'Accessibility' button</span><small class="step_duration">(2.052s)</small></div><div class="step_file"><span>features/steps/accessibility_button_steps.py:8</span></div><span class="embed" /></li><li class="step passed"><div class="step_name"><span class="keyword">And </span><span class="step val">I click on the 'Ridicat' button</span><small class="step_duration">(0.445s)</small></div><div class="step_file"><span>features/steps/accessibility_button_steps.py:34</span></div><span class="embed" /></li><li class="step failed"><div class="step_name"><span class="keyword">Then </span><span class="step val">It should be visible that the contrast of the text on the page ensures easy and clear reading</span><small class="step_duration">(10.796s)</small></div><div class="step_file"><span>features/steps/accessibility_button_steps.py:38</span></div><span class="embed"><a onclick="Collapsible_toggle('embed_1')">Error Message</a><pre id="embed_1" style="display: none">Traceback (most recent call last):
  File "D:\1. IT Factory\4. PyCharm Projects\ProiectFinalEDU.RO\.venv\Lib\site-packages\behave\model.py", line 1329, in run
    match.run(runner.context)
  File "D:\1. IT Factory\4. PyCharm Projects\ProiectFinalEDU.RO\.venv\Lib\site-packages\behave\matchers.py", line 98, in run
    self.func(context, *args, **kwargs)
  File "features\steps\accessibility_button_steps.py", line 40, in step_impl
    context.page.contrast_ridicat_validation()
  File "D:\1. IT Factory\4. PyCharm Projects\ProiectFinalEDU.RO\pages\home_page.py", line 40, in contrast_ridicat_validation
    self.assert_text_font_weight(PageObjects.language_comunicate_xpath_text, 300)
  File "D:\1. IT Factory\4. PyCharm Projects\ProiectFinalEDU.RO\pages\base_page.py", line 49, in assert_text_font_weight
    text_font_weight = self.get_text_font_weight(xpath_element)
                       ^^^^^^^^^^^^^^^^^^^^^^^^^^^^^^^^^^^^^^^^
  File "D:\1. IT Factory\4. PyCharm Projects\ProiectFinalEDU.RO\pages\base_page.py", line 44, in get_text_font_weight
    element = self.wait_for_element(locator)
              ^^^^^^^^^^^^^^^^^^^^^^^^^^^^^^
  File "D:\1. IT Factory\4. PyCharm Projects\ProiectFinalEDU.RO\pages\base_page.py", line 18, in wait_for_element
    element = wait.until(EC.presence_of_element_located(locator))
              ^^^^^^^^^^^^^^^^^^^^^^^^^^^^^^^^^^^^^^^^^^^^^^^^^^^
  File "D:\1. IT Factory\4. PyCharm Projects\ProiectFinalEDU.RO\.venv\Lib\site-packages\selenium\webdriver\support\wait.py", line 95, in until
    raise TimeoutException(message, screen, stacktrace)
selenium.common.exceptions.TimeoutException: Message: 
Stacktrace:
	GetHandleVerifier [0x00007FF62E1E7892+54818]
	(No symbol) [0x00007FF62E156AC2]
	(No symbol) [0x00007FF62E00DA3B]
	(No symbol) [0x00007FF62E04E4FC]
	(No symbol) [0x00007FF62E04E67C]
	(No symbol) [0x00007FF62E089627]
	(No symbol) [0x00007FF62E06EAEF]
	(No symbol) [0x00007FF62E0875A2]
	(No symbol) [0x00007FF62E06E883]
	(No symbol) [0x00007FF62E043691]
	(No symbol) [0x00007FF62E0448D4]
	GetHandleVerifier [0x00007FF62E54B992+3610402]
	GetHandleVerifier [0x00007FF62E5A1860+3962352]
	GetHandleVerifier [0x00007FF62E599D4F+3930847]
	GetHandleVerifier [0x00007FF62E283646+693206]
	(No symbol) [0x00007FF62E161628]
	(No symbol) [0x00007FF62E15D934]
	(No symbol) [0x00007FF62E15DA62]
	(No symbol) [0x00007FF62E14E113]
	BaseThreadInitThunk [0x00007FFD517E257D+29]
	RtlUserThreadStart [0x00007FFD52B4AA68+40]

</pre>    </span></li></ol><span /></div><div class="scenario"><span class="scenario_file">features/accessibility_button.feature:21</span><h3 onclick="Collapsible_toggle('scenario_2')" class="failed"><span class="val">Scenario: Check that the user can change the page style</span></h3><ol class="scenario_steps" id="scenario_2"><li class="step passed"><div class="step_name"><span class="keyword">Given </span><span class="step val">I am on the home page</span><small class="step_duration">(0.716s)</small></div><div class="step_file"><span>features/steps/accessibility_button_steps.py:4</span></div><span class="embed" /></li><li class="step passed"><div class="step_name"><span class="keyword">When </span><span class="step val">I click on the 'Accessibility' button</span><small class="step_duration">(2.035s)</small></div><div class="step_file"><span>features/steps/accessibility_button_steps.py:8</span></div><span class="embed" /></li><li class="step passed"><div class="step_name"><span class="keyword">And </span><span class="step val">I click on the 'Page Style' button</span><small class="step_duration">(2.057s)</small></div><div class="step_file"><span>features/steps/accessibility_button_steps.py:50</span></div><span class="embed" /></li><li class="step passed"><div class="step_name"><span class="keyword">And </span><span class="step val">I click on the 'Black/White' button</span><small class="step_duration">(2.069s)</small></div><div class="step_file"><span>features/steps/accessibility_button_steps.py:54</span></div><span class="embed" /></li><li class="step failed"><div class="step_name"><span class="keyword">Then </span><span class="step val">It should be visible that the text on the page changes color in black and the background of the text in white</span><small class="step_duration">(0.109s)</small></div><div class="step_file"><span>features/steps/accessibility_button_steps.py:58</span></div><span class="embed"><a onclick="Collapsible_toggle('embed_2')">Error Message</a><pre id="embed_2" style="display: none">Assertion Failed: Text color is rgba(0, 0, 0, 1) but expected rgba(51, 51, 51, 1)</pre>    </span></li></ol><span /></div><div class="feature"><h2><span class="val">Feature: Footer functionality on the website https://edu.ro/.</span></h2><span /></div><div class="scenario"><span class="scenario_file">features/footer.feature:3</span><h3 onclick="Collapsible_toggle('scenario_3')" class="failed"><span class="val">Scenario: Check that the user can click on the footer buttons and functioning correctly</span></h3><ol class="scenario_steps" id="scenario_3"><li class="step passed"><div class="step_name"><span class="keyword">Given </span><span class="step val">I am on the home page</span><small class="step_duration">(1.086s)</small></div><div class="step_file"><span>features/steps/accessibility_button_steps.py:4</span></div><span class="embed" /></li><li class="step passed"><div class="step_name"><span class="keyword">When </span><span class="step val">I click on the 'Organigrama' button</span><small class="step_duration">(2.643s)</small></div><div class="step_file"><span>features/steps/footer_steps.py:20</span></div><span class="embed" /></li><li class="step failed"><div class="step_name"><span class="keyword">Then </span><span class="step val">It should redirect in the same browser with the link address 'https://edu.ro/organigrama'</span><small class="step_duration">(1.008s)</small></div><div class="step_file"><span>features/steps/footer_steps.py:24</span></div><span class="embed"><a onclick="Collapsible_toggle('embed_3')">Error Message</a><pre id="embed_3" style="display: none">Assertion Failed: Current URL 'https://www.edu.ro/organigrama' does not match expected URL 'https://edu.ro/organigrama'</pre>    </span></li></ol><span /></div><div class="feature"><h2><span class="val">Feature: Header functionality on the website https://edu.ro/.</span></h2><span /></div><div class="scenario"><span class="scenario_file">features/header.feature:3</span><h3 onclick="Collapsible_toggle('scenario_4')"><span class="val">Scenario: Check if user is redirected to home page by 'logo'</span></h3><ol class="scenario_steps" id="scenario_4"><li class="step passed"><div class="step_name"><span class="keyword">Given </span><span class="step val">I am on the contact page</span><small class="step_duration">(0.611s)</small></div><div class="step_file"><span>features/steps/header_steps.py:4</span></div><span class="embed" /></li><li class="step passed"><div class="step_name"><span class="keyword">When </span><span class="step val">I click on the 'Logo' image</span><small class="step_duration">(0.739s)</small></div><div class="step_file"><span>features/steps/header_steps.py:8</span></div><span class="embed" /></li><li class="step passed"><div class="step_name"><span class="keyword">Then </span><span class="step val">It should be redirected to the home page</span><small class="step_duration">(1.013s)</small></div><div class="step_file"><span>features/steps/header_steps.py:12</span></div><span class="embed" /></li></ol><span /></div><div class="scenario"><span class="scenario_file">features/header.feature:8</span><h3 onclick="Collapsible_toggle('scenario_5')"><span class="val">Scenario: Check that the user can click on the header buttons and functioning correctly</span></h3><ol class="scenario_steps" id="scenario_5"><li class="step passed"><div class="step_name"><span class="keyword">Given </span><span class="step val">I am on the home page</span><small class="step_duration">(0.735s)</small></div><div class="step_file"><span>features/steps/accessibility_button_steps.py:4</span></div><span class="embed" /></li><li class="step passed"><div class="step_name"><span class="keyword">When </span><span class="step val">I hold the mouse over the 'Minister' button</span><small class="step_duration">(2.058s)</small></div><div class="step_file"><span>features/steps/header_steps.py:16</span></div><span class="embed" /></li><li class="step passed"><div class="step_name"><span class="keyword">Then </span><span class="step val">It should be visible the text 'Date de contact'</span><small class="step_duration">(0.027s)</small></div><div class="step_file"><span>features/steps/header_steps.py:20</span></div><span class="embed" /></li><li class="step passed"><div class="step_name"><span class="keyword">When </span><span class="step val">I hold the mouse over the 'Invatamant preuniversitar' button</span><small class="step_duration">(2.043s)</small></div><div class="step_file"><span>features/steps/header_steps.py:25</span></div><span class="embed" /></li><li class="step passed"><div class="step_name"><span class="keyword">Then </span><span class="step val">It should be visible the text 'Invatamant primar'</span><small class="step_duration">(0.022s)</small></div><div class="step_file"><span>features/steps/header_steps.py:29</span></div><span class="embed" /></li><li class="step passed"><div class="step_name"><span class="keyword">When </span><span class="step val">I hold the mouse over the 'Invatamant superior' button</span><small class="step_duration">(2.047s)</small></div><div class="step_file"><span>features/steps/header_steps.py:33</span></div><span class="embed" /></li><li class="step passed"><div class="step_name"><span class="keyword">Then </span><span class="step val">It should be visible the text 'Studii universitare de licenta'</span><small class="step_duration">(0.040s)</small></div><div class="step_file"><span>features/steps/header_steps.py:37</span></div><span class="embed" /></li><li class="step passed"><div class="step_name"><span class="keyword">When </span><span class="step val">I hold the mouse over the 'Romania educata' button</span><small class="step_duration">(2.045s)</small></div><div class="step_file"><span>features/steps/header_steps.py:41</span></div><span class="embed" /></li><li class="step passed"><div class="step_name"><span class="keyword">Then </span><span class="step val">It should be visible the text 'Memorandum implementare'</span><small class="step_duration">(0.019s)</small></div><div class="step_file"><span>features/steps/header_steps.py:45</span></div><span class="embed" /></li><li class="step passed"><div class="step_name"><span class="keyword">When </span><span class="step val">I hold the mouse over the 'Cooperare internationala' button</span><small class="step_duration">(2.041s)</small></div><div class="step_file"><span>features/steps/header_steps.py:49</span></div><span class="embed" /></li><li class="step passed"><div class="step_name"><span class="keyword">Then </span><span class="step val">It should be visible the text 'Studiaza in Romania'</span><small class="step_duration">(0.029s)</small></div><div class="step_file"><span>features/steps/header_steps.py:53</span></div><span class="embed" /></li></ol><span /></div><div class="feature"><h2><span class="val">Feature: The language selector on the website https://edu.ro/.</span></h2><span /></div><div class="scenario"><span class="scenario_file">features/language_selector.feature:3</span><h3 onclick="Collapsible_toggle('scenario_6')" class="failed"><span class="val">Scenario: Check that the user can choose another language in the language selector</span></h3><ol class="scenario_steps" id="scenario_6"><li class="step passed"><div class="step_name"><span class="keyword">Given </span><span class="step val">I am on the home page</span><small class="step_duration">(0.709s)</small></div><div class="step_file"><span>features/steps/accessibility_button_steps.py:4</span></div><span class="embed" /></li><li class="step passed"><div class="step_name"><span class="keyword">When </span><span class="step val">I click on the 'language selector' button</span><small class="step_duration">(1.049s)</small></div><div class="step_file"><span>features/steps/language_selector_steps.py:4</span></div><span class="embed" /></li><li class="step passed"><div class="step_name"><span class="keyword">And </span><span class="step val">I click on the 'English' button</span><small class="step_duration">(1.056s)</small></div><div class="step_file"><span>features/steps/language_selector_steps.py:8</span></div><span class="embed" /></li><li class="step failed"><div class="step_name"><span class="keyword">Then </span><span class="step val">It should be visible the 'Engleza' button in Google Translate bar</span><small class="step_duration">(11.594s)</small></div><div class="step_file"><span>features/steps/language_selector_steps.py:12</span></div><span class="embed"><a onclick="Collapsible_toggle('embed_4')">Error Message</a><pre id="embed_4" style="display: none">Traceback (most recent call last):
  File "D:\1. IT Factory\4. PyCharm Projects\ProiectFinalEDU.RO\.venv\Lib\site-packages\behave\model.py", line 1329, in run
    match.run(runner.context)
  File "D:\1. IT Factory\4. PyCharm Projects\ProiectFinalEDU.RO\.venv\Lib\site-packages\behave\matchers.py", line 98, in run
    self.func(context, *args, **kwargs)
  File "features\steps\language_selector_steps.py", line 14, in step_impl
    context.page.language_english_validation()
  File "D:\1. IT Factory\4. PyCharm Projects\ProiectFinalEDU.RO\pages\home_page.py", line 166, in language_english_validation
    self.assert_text(PageObjects.language_google_xpath_button, PageObjects.language_google_engleza_text)
  File "D:\1. IT Factory\4. PyCharm Projects\ProiectFinalEDU.RO\pages\base_page.py", line 77, in assert_text
    element = self.wait_for_element(locator)
              ^^^^^^^^^^^^^^^^^^^^^^^^^^^^^^
  File "D:\1. IT Factory\4. PyCharm Projects\ProiectFinalEDU.RO\pages\base_page.py", line 18, in wait_for_element
    element = wait.until(EC.presence_of_element_located(locator))
              ^^^^^^^^^^^^^^^^^^^^^^^^^^^^^^^^^^^^^^^^^^^^^^^^^^^
  File "D:\1. IT Factory\4. PyCharm Projects\ProiectFinalEDU.RO\.venv\Lib\site-packages\selenium\webdriver\support\wait.py", line 95, in until
    raise TimeoutException(message, screen, stacktrace)
selenium.common.exceptions.TimeoutException: Message: 
Stacktrace:
	GetHandleVerifier [0x00007FF62E1E7892+54818]
	(No symbol) [0x00007FF62E156AC2]
	(No symbol) [0x00007FF62E00DA3B]
	(No symbol) [0x00007FF62E04E4FC]
	(No symbol) [0x00007FF62E04E67C]
	(No symbol) [0x00007FF62E089627]
	(No symbol) [0x00007FF62E06EAEF]
	(No symbol) [0x00007FF62E0875A2]
	(No symbol) [0x00007FF62E06E883]
	(No symbol) [0x00007FF62E043691]
	(No symbol) [0x00007FF62E0448D4]
	GetHandleVerifier [0x00007FF62E54B992+3610402]
	GetHandleVerifier [0x00007FF62E5A1860+3962352]
	GetHandleVerifier [0x00007FF62E599D4F+3930847]
	GetHandleVerifier [0x00007FF62E283646+693206]
	(No symbol) [0x00007FF62E161628]
	(No symbol) [0x00007FF62E15D934]
	(No symbol) [0x00007FF62E15DA62]
	(No symbol) [0x00007FF62E14E113]
	BaseThreadInitThunk [0x00007FFD517E257D+29]
	RtlUserThreadStart [0x00007FFD52B4AA68+40]

</pre>    </span></li></ol><span /></div><div class="feature"><h2><span class="val">Feature: The search menu on the website https://edu.ro/.</span></h2><span /></div><div class="scenario"><span class="scenario_file">features/search_menu.feature:3</span><h3 onclick="Collapsible_toggle('scenario_7')" class="failed"><span class="val">Scenario: Check that the user can search keywords in the search menu</span></h3><ol class="scenario_steps" id="scenario_7"><li class="step passed"><div class="step_name"><span class="keyword">Given </span><span class="step val">I am on the home page</span><small class="step_duration">(0.815s)</small></div><div class="step_file"><span>features/steps/accessibility_button_steps.py:4</span></div><span class="embed" /></li><li class="step passed"><div class="step_name"><span class="keyword">When </span><span class="step val">I enter the text 'Studii universitare de master' in the search menu</span><small class="step_duration">(0.239s)</small></div><div class="step_file"><span>features/steps/search_menu_steps.py:4</span></div><span class="embed" /></li><li class="step passed"><div class="step_name"><span class="keyword">And </span><span class="step val">I press the 'ENTER' button on the keyboard</span><small class="step_duration">(1.151s)</small></div><div class="step_file"><span>features/steps/search_menu_steps.py:8</span></div><span class="embed" /></li><li class="step passed"><div class="step_name"><span class="keyword">Then </span><span class="step val">It should be visible and the first result should be identical to text 'Studii universitare de master'</span><small class="step_duration">(0.025s)</small></div><div class="step_file"><span>features/steps/search_menu_steps.py:12</span></div><span class="embed" /></li><li class="step failed"><div class="step_name"><span class="keyword">When </span><span class="step val">I replaces in the search bar 'Studii universitare de master' with the text 'Invatamant primar'</span><small class="step_duration">(11.759s)</small></div><div class="step_file"><span>features/steps/search_menu_steps.py:16</span></div><span class="embed"><a onclick="Collapsible_toggle('embed_5')">Error Message</a><pre id="embed_5" style="display: none">Traceback (most recent call last):
  File "D:\1. IT Factory\4. PyCharm Projects\ProiectFinalEDU.RO\.venv\Lib\site-packages\behave\model.py", line 1329, in run
    match.run(runner.context)
  File "D:\1. IT Factory\4. PyCharm Projects\ProiectFinalEDU.RO\.venv\Lib\site-packages\behave\matchers.py", line 98, in run
    self.func(context, *args, **kwargs)
  File "features\steps\search_menu_steps.py", line 18, in step_impl
    context.page.clear_form()
  File "D:\1. IT Factory\4. PyCharm Projects\ProiectFinalEDU.RO\pages\home_page.py", line 196, in clear_form
    self.clear_text(PageObjects.search_bar_xpath_form)
  File "D:\1. IT Factory\4. PyCharm Projects\ProiectFinalEDU.RO\pages\base_page.py", line 93, in clear_text
    element = self.wait_for_element(locator)
              ^^^^^^^^^^^^^^^^^^^^^^^^^^^^^^
  File "D:\1. IT Factory\4. PyCharm Projects\ProiectFinalEDU.RO\pages\base_page.py", line 18, in wait_for_element
    element = wait.until(EC.presence_of_element_located(locator))
              ^^^^^^^^^^^^^^^^^^^^^^^^^^^^^^^^^^^^^^^^^^^^^^^^^^^
  File "D:\1. IT Factory\4. PyCharm Projects\ProiectFinalEDU.RO\.venv\Lib\site-packages\selenium\webdriver\support\wait.py", line 95, in until
    raise TimeoutException(message, screen, stacktrace)
selenium.common.exceptions.TimeoutException: Message: 
Stacktrace:
	GetHandleVerifier [0x00007FF62E1E7892+54818]
	(No symbol) [0x00007FF62E156AC2]
	(No symbol) [0x00007FF62E00DA3B]
	(No symbol) [0x00007FF62E04E4FC]
	(No symbol) [0x00007FF62E04E67C]
	(No symbol) [0x00007FF62E089627]
	(No symbol) [0x00007FF62E06EAEF]
	(No symbol) [0x00007FF62E0875A2]
	(No symbol) [0x00007FF62E06E883]
	(No symbol) [0x00007FF62E043691]
	(No symbol) [0x00007FF62E0448D4]
	GetHandleVerifier [0x00007FF62E54B992+3610402]
	GetHandleVerifier [0x00007FF62E5A1860+3962352]
	GetHandleVerifier [0x00007FF62E599D4F+3930847]
	GetHandleVerifier [0x00007FF62E283646+693206]
	(No symbol) [0x00007FF62E161628]
	(No symbol) [0x00007FF62E15D934]
	(No symbol) [0x00007FF62E15DA62]
	(No symbol) [0x00007FF62E14E113]
	BaseThreadInitThunk [0x00007FFD517E257D+29]
	RtlUserThreadStart [0x00007FFD52B4AA68+40]

</pre>    </span></li></ol><span /></div><div class="scenario"><span class="scenario_file">features/search_menu.feature:12</span><h3 onclick="Collapsible_toggle('scenario_8')" class="failed"><span class="val">Scenario: Check that user can search using special characters from the valid class</span></h3><ol class="scenario_steps" id="scenario_8"><li class="step passed"><div class="step_name"><span class="keyword">Given </span><span class="step val">I am on the home page</span><small class="step_duration">(0.809s)</small></div><div class="step_file"><span>features/steps/accessibility_button_steps.py:4</span></div><span class="embed" /></li><li class="step passed"><div class="step_name"><span class="keyword">When </span><span class="step val">I enter the text '   '(3 blank spaces) in the search menu</span><small class="step_duration">(0.071s)</small></div><div class="step_file"><span>features/steps/search_menu_steps.py:29</span></div><span class="embed" /></li><li class="step passed"><div class="step_name"><span class="keyword">And </span><span class="step val">I press the 'ENTER' button on the keyboard</span><small class="step_duration">(0.272s)</small></div><div class="step_file"><span>features/steps/search_menu_steps.py:8</span></div><span class="embed" /></li><li class="step passed"><div class="step_name"><span class="keyword">Then </span><span class="step val">It should be visible the message 'Cautare'</span><small class="step_duration">(0.483s)</small></div><div class="step_file"><span>features/steps/search_menu_steps.py:33</span></div><span class="embed" /></li><li class="step failed"><div class="step_name"><span class="keyword">When </span><span class="step val">I enter the text '   '(3 blank spaces) in the search bar</span><small class="step_duration">(10.682s)</small></div><div class="step_file"><span>features/steps/search_menu_steps.py:37</span></div><span class="embed"><a onclick="Collapsible_toggle('embed_6')">Error Message</a><pre id="embed_6" style="display: none">Traceback (most recent call last):
  File "D:\1. IT Factory\4. PyCharm Projects\ProiectFinalEDU.RO\.venv\Lib\site-packages\behave\model.py", line 1329, in run
    match.run(runner.context)
  File "D:\1. IT Factory\4. PyCharm Projects\ProiectFinalEDU.RO\.venv\Lib\site-packages\behave\matchers.py", line 98, in run
    self.func(context, *args, **kwargs)
  File "features\steps\search_menu_steps.py", line 39, in step_impl
    context.page.search_valid_bar()
  File "D:\1. IT Factory\4. PyCharm Projects\ProiectFinalEDU.RO\pages\home_page.py", line 216, in search_valid_bar
    self.fill_text(PageObjects.search_valid_class_text, PageObjects.search_bar_xpath_form)
  File "D:\1. IT Factory\4. PyCharm Projects\ProiectFinalEDU.RO\pages\base_page.py", line 83, in fill_text
    element = self.wait_for_element(locator)
              ^^^^^^^^^^^^^^^^^^^^^^^^^^^^^^
  File "D:\1. IT Factory\4. PyCharm Projects\ProiectFinalEDU.RO\pages\base_page.py", line 18, in wait_for_element
    element = wait.until(EC.presence_of_element_located(locator))
              ^^^^^^^^^^^^^^^^^^^^^^^^^^^^^^^^^^^^^^^^^^^^^^^^^^^
  File "D:\1. IT Factory\4. PyCharm Projects\ProiectFinalEDU.RO\.venv\Lib\site-packages\selenium\webdriver\support\wait.py", line 95, in until
    raise TimeoutException(message, screen, stacktrace)
selenium.common.exceptions.TimeoutException: Message: 
Stacktrace:
	GetHandleVerifier [0x00007FF62E1E7892+54818]
	(No symbol) [0x00007FF62E156AC2]
	(No symbol) [0x00007FF62E00DA3B]
	(No symbol) [0x00007FF62E04E4FC]
	(No symbol) [0x00007FF62E04E67C]
	(No symbol) [0x00007FF62E089627]
	(No symbol) [0x00007FF62E06EAEF]
	(No symbol) [0x00007FF62E0875A2]
	(No symbol) [0x00007FF62E06E883]
	(No symbol) [0x00007FF62E043691]
	(No symbol) [0x00007FF62E0448D4]
	GetHandleVerifier [0x00007FF62E54B992+3610402]
	GetHandleVerifier [0x00007FF62E5A1860+3962352]
	GetHandleVerifier [0x00007FF62E599D4F+3930847]
	GetHandleVerifier [0x00007FF62E283646+693206]
	(No symbol) [0x00007FF62E161628]
	(No symbol) [0x00007FF62E15D934]
	(No symbol) [0x00007FF62E15DA62]
	(No symbol) [0x00007FF62E14E113]
	BaseThreadInitThunk [0x00007FFD517E257D+29]
	RtlUserThreadStart [0x00007FFD52B4AA68+40]

</pre>    </span></li></ol><span /></div><div class="scenario"><span class="scenario_file">features/search_menu.feature:21</span><h3 onclick="Collapsible_toggle('scenario_9')" class="failed"><span class="val">Scenario: Check that user can search using special characters from the invalid class</span></h3><ol class="scenario_steps" id="scenario_9"><li class="step passed"><div class="step_name"><span class="keyword">Given </span><span class="step val">I am on the home page</span><small class="step_duration">(0.816s)</small></div><div class="step_file"><span>features/steps/accessibility_button_steps.py:4</span></div><span class="embed" /></li><li class="step passed"><div class="step_name"><span class="keyword">When </span><span class="step val">I enter the text '///' in the search menu</span><small class="step_duration">(0.046s)</small></div><div class="step_file"><span>features/steps/search_menu_steps.py:46</span></div><span class="embed" /></li><li class="step passed"><div class="step_name"><span class="keyword">And </span><span class="step val">I press the 'ENTER' button on the keyboard</span><small class="step_duration">(0.283s)</small></div><div class="step_file"><span>features/steps/search_menu_steps.py:8</span></div><span class="embed" /></li><li class="step failed"><div class="step_name"><span class="keyword">Then </span><span class="step val">It should be visible the message 'Cautare'</span><small class="step_duration">(0.798s)</small></div><div class="step_file"><span>features/steps/search_menu_steps.py:33</span></div><span class="embed"><a onclick="Collapsible_toggle('embed_7')">Error Message</a><pre id="embed_7" style="display: none">Assertion Failed: Current text 'Search' does not match expected text 'Cãutare</pre>    </span></li></ol><span /></div></div></body></html>